[19:39:51] [Client thread/INFO]: Setting user: Player484
[19:39:51] [Client thread/INFO]: (Session ID is token:0:Player484)
[19:39:52] [Client thread/INFO]: [OptiFine] *** Reflector Forge ***
[19:39:52] [Client thread/INFO]: [OptiFine] (Reflector) Class not present: net.minecraftforge.client.model.Attributes
[19:39:52] [Client thread/INFO]: [OptiFine] (Reflector) Class not present: mods.betterfoliage.client.BetterFoliageClient
[19:39:52] [Client thread/INFO]: [OptiFine] (Reflector) Class not present: net.minecraftforge.fml.common.asm.transformers.BlamingTransformer
[19:39:52] [Client thread/INFO]: [OptiFine] (Reflector) Class not present: net.minecraftforge.event.world.ChunkWatchEvent$UnWatch
[19:39:52] [Client thread/INFO]: [OptiFine] (Reflector) Class not present: net.minecraftforge.fml.relauncher.CoreModManager
[19:39:52] [Client thread/INFO]: [OptiFine] (Reflector) Class not present: net.minecraftforge.common.DimensionManager
[19:39:52] [Client thread/INFO]: [OptiFine] (Reflector) Class not present: net.minecraftforge.client.event.GuiScreenEvent$DrawScreenEvent$Pre
[19:39:52] [Client thread/INFO]: [OptiFine] (Reflector) Class not present: net.minecraftforge.client.event.GuiScreenEvent$DrawScreenEvent$Post
[19:39:52] [Client thread/INFO]: [OptiFine] (Reflector) Class not present: net.minecraftforge.client.event.EntityViewRenderEvent$CameraSetup
[19:39:52] [Client thread/INFO]: [OptiFine] (Reflector) Class not present: net.minecraftforge.client.event.EntityViewRenderEvent$FogColors
[19:39:52] [Client thread/INFO]: [OptiFine] (Reflector) Class not present: net.minecraftforge.fml.common.eventhandler.Event
[19:39:52] [Client thread/INFO]: [OptiFine] (Reflector) Class not present: net.minecraftforge.fml.common.eventhandler.EventBus
[19:39:52] [Client thread/INFO]: [OptiFine] (Reflector) Class not present: net.minecraftforge.fml.common.eventhandler.Event$Result
[19:39:52] [Client thread/INFO]: [OptiFine] (Reflector) Class not present: net.minecraftforge.common.property.ExtendedBlockState
[19:39:52] [Client thread/INFO]: [OptiFine] (Reflector) Class not present: net.minecraftforge.fml.client.FMLClientHandler
[19:39:52] [Client thread/INFO]: [OptiFine] (Reflector) Class not present: net.minecraftforge.fml.common.FMLCommonHandler
[19:39:52] [Client thread/INFO]: [OptiFine] (Reflector) Method not present: net.minecraft.world.biome.BiomeGenBase.getWaterColorMultiplier
[19:39:52] [Client thread/INFO]: [OptiFine] (Reflector) Method not present: net.minecraft.block.Block.addDestroyEffects
[19:39:52] [Client thread/INFO]: [OptiFine] (Reflector) Method not present: net.minecraft.block.Block.addHitEffects
[19:39:52] [Client thread/INFO]: [OptiFine] (Reflector) Method not present: net.minecraft.block.Block.canCreatureSpawn
[19:39:52] [Client thread/INFO]: [OptiFine] (Reflector) Method not present: net.minecraft.block.Block.canRenderInLayer
[19:39:52] [Client thread/INFO]: [OptiFine] (Reflector) Method not present: net.minecraft.block.Block.doesSideBlockRendering
[19:39:52] [Client thread/INFO]: [OptiFine] (Reflector) Method not present: net.minecraft.block.Block.getBedDirection
[19:39:52] [Client thread/INFO]: [OptiFine] (Reflector) Method not present: net.minecraft.block.Block.getExtendedState
[19:39:52] [Client thread/INFO]: [OptiFine] (Reflector) Method not present: net.minecraft.block.Block.hasTileEntity
[19:39:52] [Client thread/INFO]: [OptiFine] (Reflector) Method not present: net.minecraft.block.Block.isAir
[19:39:52] [Client thread/INFO]: [OptiFine] (Reflector) Method not present: net.minecraft.block.Block.isBed
[19:39:52] [Client thread/INFO]: [OptiFine] (Reflector) Method not present: net.minecraft.block.Block.isBedFoot
[19:39:52] [Client thread/INFO]: [OptiFine] (Reflector) Method not present: net.minecraft.block.Block.isSideSolid
[19:39:52] [Client thread/INFO]: [OptiFine] (Reflector) Method not present: net.minecraft.entity.Entity.canRiderInteract
[19:39:52] [Client thread/INFO]: [OptiFine] (Reflector) Field not present: net.minecraft.entity.Entity.captureDrops
[19:39:52] [Client thread/INFO]: [OptiFine] (Reflector) Field not present: net.minecraft.entity.Entity.capturedDrops
[19:39:52] [Client thread/INFO]: [OptiFine] (Reflector) Method not present: net.minecraft.entity.Entity.shouldRenderInPass
[19:39:52] [Client thread/INFO]: [OptiFine] (Reflector) Method not present: net.minecraft.entity.Entity.shouldRiderSit
[19:39:52] [Client thread/INFO]: [OptiFine] (Reflector) Class not present: net.minecraftforge.event.ForgeEventFactory
[19:39:52] [Client thread/INFO]: [OptiFine] (Reflector) Class not present: net.minecraftforge.common.ForgeHooks
[19:39:52] [Client thread/INFO]: [OptiFine] (Reflector) Class not present: net.minecraftforge.client.ForgeHooksClient
[19:39:52] [Client thread/INFO]: [OptiFine] (Reflector) Method not present: net.minecraft.item.Item.getDurabilityForDisplay
[19:39:52] [Client thread/INFO]: [OptiFine] (Reflector) Method not present: net.minecraft.item.Item.getModel
[19:39:52] [Client thread/INFO]: [OptiFine] (Reflector) Method not present: net.minecraft.item.Item.onEntitySwing
[19:39:52] [Client thread/INFO]: [OptiFine] (Reflector) Method not present: net.minecraft.item.Item.shouldCauseReequipAnimation
[19:39:52] [Client thread/INFO]: [OptiFine] (Reflector) Method not present: net.minecraft.item.Item.showDurabilityBar
[19:39:52] [Client thread/INFO]: [OptiFine] (Reflector) Method not present: net.minecraft.item.ItemRecord.getRecordResource
[19:39:52] [Client thread/INFO]: [OptiFine] (Reflector) Class not present: net.minecraftforge.common.ForgeModContainer
[19:39:52] [Client thread/INFO]: [OptiFine] (Reflector) Method not present: net.minecraft.potion.PotionEffect.isCurativeItem
[19:39:52] [Client thread/INFO]: [OptiFine] (Reflector) Method not present: net.minecraft.tileentity.TileEntity.canRenderBreaking
[19:39:52] [Client thread/INFO]: [OptiFine] (Reflector) Method not present: net.minecraft.tileentity.TileEntity.getRenderBoundingBox
[19:39:52] [Client thread/INFO]: [OptiFine] (Reflector) Method not present: net.minecraft.tileentity.TileEntity.hasFastRenderer
[19:39:52] [Client thread/INFO]: [OptiFine] (Reflector) Method not present: net.minecraft.tileentity.TileEntity.shouldRenderInPass
[19:39:52] [Client thread/INFO]: [OptiFine] (Reflector) Method not present: net.minecraft.client.renderer.tileentity.TileEntityRendererDispatcher.preDrawBatch
[19:39:52] [Client thread/INFO]: [OptiFine] (Reflector) Method not present: net.minecraft.client.renderer.tileentity.TileEntityRendererDispatcher.drawBatch
[19:39:52] [Client thread/INFO]: [OptiFine] (Reflector) Method not present: net.minecraft.client.renderer.vertex.VertexFormatElement$EnumUsage.preDraw
[19:39:52] [Client thread/INFO]: [OptiFine] (Reflector) Method not present: net.minecraft.client.renderer.vertex.VertexFormatElement$EnumUsage.postDraw
[19:39:52] [Client thread/INFO]: [OptiFine] (Reflector) Method not present: net.minecraft.world.World.countEntities
[19:39:52] [Client thread/INFO]: [OptiFine] (Reflector) Method not present: net.minecraft.world.World.getPerWorldStorage
[19:39:52] [Client thread/INFO]: [OptiFine] (Reflector) Method not present: net.minecraft.world.WorldProvider.getCloudRenderer
[19:39:52] [Client thread/INFO]: [OptiFine] (Reflector) Method not present: net.minecraft.world.WorldProvider.getSkyRenderer
[19:39:52] [Client thread/INFO]: [OptiFine] (Reflector) Method not present: net.minecraft.world.WorldProvider.getWeatherRenderer
[19:39:52] [Client thread/INFO]: [OptiFine] (Reflector) Class not present: net.minecraftforge.fml.client.GuiModList
[19:39:52] [Client thread/INFO]: [OptiFine] (Reflector) Class not present: net.minecraftforge.client.model.IColoredBakedQuad
[19:39:52] [Client thread/INFO]: [OptiFine] (Reflector) Class not present: net.minecraftforge.common.property.IExtendedBlockState
[19:39:52] [Client thread/INFO]: [OptiFine] (Reflector) Class not present: net.minecraftforge.client.IRenderHandler
[19:39:52] [Client thread/INFO]: [OptiFine] (Reflector) Class not present: net.minecraftforge.client.model.ISmartBlockModel
[19:39:52] [Client thread/INFO]: [OptiFine] (Reflector) Class not present: net.minecraftforge.client.ItemModelMesherForge
[19:39:52] [Client thread/INFO]: [OptiFine] (Reflector) Class not present: net.minecraft.launchwrapper.Launch
[19:39:52] [Client thread/INFO]: [OptiFine] (Reflector) Class not present: net.minecraftforge.client.model.pipeline.LightUtil
[19:39:52] [Client thread/INFO]: [OptiFine] (Reflector) Class not present: net.minecraftforge.fml.common.Loader
[19:39:52] [Client thread/INFO]: [OptiFine] (Reflector) Class not present: net.minecraftforge.common.MinecraftForge
[19:39:52] [Client thread/INFO]: [OptiFine] (Reflector) Class not present: net.minecraftforge.client.MinecraftForgeClient
[19:39:52] [Client thread/INFO]: [OptiFine] (Reflector) Class not present: net.minecraftforge.fml.common.ModContainer
[19:39:52] [Client thread/INFO]: [OptiFine] (Reflector) Class not present: net.minecraftforge.client.model.ModelLoader
[19:39:52] [Client thread/INFO]: [OptiFine] (Reflector) Class not present: net.minecraftforge.client.event.RenderBlockOverlayEvent$OverlayType
[19:39:52] [Client thread/INFO]: [OptiFine] (Reflector) Class not present: net.minecraftforge.fml.client.registry.RenderingRegistry
[19:39:52] [Client thread/INFO]: [OptiFine] (Reflector) Class not present: net.minecraftforge.client.event.RenderItemInFrameEvent
[19:39:52] [Client thread/INFO]: [OptiFine] (Reflector) Class not present: net.minecraftforge.client.event.RenderLivingEvent$Pre
[19:39:52] [Client thread/INFO]: [OptiFine] (Reflector) Class not present: net.minecraftforge.client.event.RenderLivingEvent$Post
[19:39:52] [Client thread/INFO]: [OptiFine] (Reflector) Class not present: net.minecraftforge.client.event.RenderLivingEvent$Specials$Pre
[19:39:52] [Client thread/INFO]: [OptiFine] (Reflector) Class not present: net.minecraftforge.client.event.RenderLivingEvent$Specials$Post
[19:39:52] [Client thread/INFO]: [OptiFine] (Reflector) Class not present: net.minecraftforge.fml.client.SplashProgress
[19:39:52] [Client thread/INFO]: [OptiFine] (Reflector) Class not present: net.minecraftforge.event.world.WorldEvent$Load
[19:39:52] [Client thread/INFO]: [OptiFine] *** Reflector Vanilla ***
[19:39:52] [Client thread/INFO]: [OptiFine] (Reflector) Class not present: optifine.OptiFineClassTransformer
[19:39:52] [Client thread/INFO]: LWJGL Version: 2.9.4
[19:39:53] [Client thread/INFO]: [OptiFine] 
[19:39:53] [Client thread/INFO]: [OptiFine] OptiFine_1.8.8_HD_U_I7
[19:39:53] [Client thread/INFO]: [OptiFine] Build: null
[19:39:53] [Client thread/INFO]: [OptiFine] OS: Windows 10 (amd64) version 10.0
[19:39:53] [Client thread/INFO]: [OptiFine] Java: 1.8.0_251, Oracle Corporation
[19:39:53] [Client thread/INFO]: [OptiFine] VM: Java HotSpot(TM) 64-Bit Server VM (mixed mode), Oracle Corporation
[19:39:53] [Client thread/INFO]: [OptiFine] LWJGL: 2.9.4
[19:39:53] [Client thread/INFO]: [OptiFine] OpenGL: GeForce RTX 2080 SUPER/PCIe/SSE2, version 4.6.0 NVIDIA 456.38, NVIDIA Corporation
[19:39:53] [Client thread/INFO]: [OptiFine] OpenGL Version: 4.6.0
[19:39:53] [Client thread/INFO]: [OptiFine] Maximum texture size: 32768x32768
[19:39:53] [Thread-6/INFO]: [OptiFine] Checking for new version
[19:39:53] [Client thread/INFO]: [Shaders] ShadersMod version: 2.4.12
[19:39:53] [Client thread/INFO]: [Shaders] OpenGL Version: 4.6.0 NVIDIA 456.38
[19:39:53] [Client thread/INFO]: [Shaders] Vendor:  NVIDIA Corporation
[19:39:53] [Client thread/INFO]: [Shaders] Renderer: GeForce RTX 2080 SUPER/PCIe/SSE2
[19:39:53] [Client thread/INFO]: [Shaders] Capabilities:  2.0  2.1  3.0  3.2  4.0 
[19:39:53] [Client thread/INFO]: [Shaders] GL_MAX_DRAW_BUFFERS: 8
[19:39:53] [Client thread/INFO]: [Shaders] GL_MAX_COLOR_ATTACHMENTS_EXT: 8
[19:39:53] [Client thread/INFO]: [Shaders] GL_MAX_TEXTURE_IMAGE_UNITS: 32
[19:39:53] [Client thread/INFO]: [Shaders] Load ShadersMod configuration.
[19:39:53] [Client thread/INFO]: [Shaders] Shaders can not be loaded, Anisotropic Filtering is enabled: 16x
[19:39:53] [Client thread/INFO]: [Shaders] No shaderpack loaded.
[19:39:53] [Client thread/INFO]: Reloading ResourceManager: Default, §5Such§8PvP §8[§7256x§8].zip
[19:39:53] [Client thread/INFO]: [OptiFine] *** Reloading textures ***
[19:39:53] [Client thread/INFO]: [OptiFine] Resource packs: §5Such§8PvP §8[§7256x§8].zip
[19:39:53] [Thread-6/INFO]: [OptiFine] Version found: I7
[19:39:53] [Sound Library Loader/INFO]: Starting up SoundSystem...
[19:39:54] [Thread-8/INFO]: Initializing LWJGL OpenAL
[19:39:54] [Thread-8/INFO]: (The LWJGL binding of OpenAL.  For more information, see http://www.lwjgl.org)
[19:39:54] [Client thread/INFO]: [OptiFine] Loading mcpatcher/font/ascii.properties
[19:39:54] [Client thread/INFO]: [OptiFine] Loading mcpatcher/font/ascii_sga.properties
[19:39:54] [Thread-8/INFO]: OpenAL initialized.
[19:39:54] [Sound Library Loader/INFO]: Sound engine started
[19:39:55] [Client thread/INFO]: [OptiFine] Mipmap levels: 4
[19:39:55] [Client thread/INFO]: [OptiFine] Multitexture: true
[19:39:55] [Client thread/INFO]: [OptiFine] ConnectedTextures: mcpatcher/ctm/glass/glass.properties
[19:39:55] [Client thread/INFO]: [OptiFine] Multipass connected textures: false
[19:39:55] [Client thread/INFO]: [OptiFine] Multipass connected textures: false
[19:39:55] [Client thread/INFO]: Created: 4096x2048 textures-atlas
[19:39:58] [Client thread/INFO]: [OptiFine] *** Reloading custom textures ***
[19:39:58] [Client thread/INFO]: [OptiFine] CustomColors: Colormap mcpatcher/colormap/water.png
[19:39:58] [Client thread/INFO]: [OptiFine] CustomColors: Colormap mcpatcher/colormap/swampgrass.png
[19:39:58] [Client thread/INFO]: [OptiFine] CustomColors: Colormap mcpatcher/colormap/swampfoliage.png
[19:39:58] [Client thread/INFO]: [OptiFine] CustomColors: Colormap mcpatcher/colormap/sky0.png
[19:39:58] [Client thread/INFO]: [OptiFine] CustomColors: Colormap mcpatcher/lightmap/world-1.png
[19:39:58] [Client thread/INFO]: [OptiFine] CustomColors: Colormap mcpatcher/lightmap/world0.png
[19:39:58] [Client thread/INFO]: [OptiFine] CustomColors: Colormap mcpatcher/lightmap/world1.png
[19:39:58] [Client thread/INFO]: [OptiFine] CustomColors: Loading mcpatcher/color.properties
[19:39:58] [Client thread/INFO]: [OptiFine] CustomColors: drop.water = ffffff
[19:39:58] [Client thread/INFO]: [OptiFine] CustomColors: lilypad = 577119
[19:39:58] [Client thread/INFO]: [OptiFine] CustomColors: Potion colors: 20
[19:39:58] [Client thread/INFO]: [OptiFine] CustomSky properties: mcpatcher/sky/world0/sky1.properties
[19:39:58] [Client thread/INFO]: [OptiFine] CustomSky properties: mcpatcher/sky/world0/sky2.properties
[19:39:59] [Client thread/INFO]: [OptiFine] CustomSky properties: mcpatcher/sky/world0/sky3.properties
[19:39:59] [Client thread/INFO]: [OptiFine] Enable face culling: acacia_leaves, birch_leaves, dark_oak_leaves, jungle_leaves, oak_leaves, spruce_leaves
[19:40:23] [Thread-12/INFO]: Logging in with username & password
[19:40:27] [Client thread/INFO]: Connecting to mc.hypixel.net., 25565
[19:40:34] [Client thread/INFO]: [CHAT] Couldn't connect you to that server, so you were put in the SkyWars lobby!
[19:40:35] [Client thread/ERROR]: Can't ping poke.sexy: Disconnected
[19:40:36] [Client thread/ERROR]: Can't ping test.ccbluex.net: Disconnected
[19:40:40] [Client thread/INFO]: Connecting to mc.hypixel.net., 25565
[19:40:41] [Client thread/INFO]: [CHAT] Couldn't connect you to that server, so you were put in the SkyWars lobby!
[19:40:42] [Client thread/INFO]: [CHAT]                                      
[19:40:42] [Client thread/INFO]: [CHAT]                          
[19:40:42] [Client thread/INFO]: [CHAT] §aYou have §b1 §aunclaimed leveling reward!
[19:40:42] [Client thread/INFO]: [CHAT] §eClick here to view it!
[19:40:42] [Client thread/INFO]: [CHAT] §b[MVP§f+§b] Frigerators§f §6joined the lobby!
[19:40:43] [Client thread/INFO]: [CHAT] 
§r  §bYou recently played the map §eElven§b and we would like to hear
§b§r                          §bwhat you thought of it.
§b
§r                               §a[Give Feedback]
§a
[19:40:45] [Chunk Batcher 1/WARN]: Needed to grow BufferBuilder buffer: Old size 524288 bytes, new size 2621440 bytes.
[19:40:45] [Chunk Batcher 1/WARN]: Needed to grow BufferBuilder buffer: Old size 524288 bytes, new size 2621440 bytes.
[19:40:45] [Chunk Batcher 0/WARN]: Needed to grow BufferBuilder buffer: Old size 524288 bytes, new size 2621440 bytes.
[19:40:53] [Client thread/INFO]: [CHAT] §b[MVP§c+§b] EIectrode§f §6joined the lobby!
[19:40:58] [Client thread/WARN]: Unable to play unknown soundEvent: minecraft:
[19:41:00] [Client thread/INFO]: [CHAT]  §b>§c>§a>§r §6[MVP§4++§6] GoldGus§f §6joined the lobby! §a<§c<§b<
[19:41:03] [Client thread/INFO]: [CHAT] Sending you to mini418V!
[19:41:03] [Client thread/WARN]: Unable to play unknown soundEvent: minecraft:
[19:41:04] [Client thread/INFO]: [CHAT]                                      
[19:41:04] [Client thread/INFO]: [CHAT]        
[19:41:04] [Client thread/INFO]: [CHAT] Skiddypenguin05 has joined (6/12)!
[19:41:04] [Client thread/INFO]: [CHAT] SixtoTheGreat has joined (7/12)!
[19:41:04] [Client thread/INFO]: [CHAT] xX5StarNinjaXx has joined (8/12)!
[19:41:04] [Client thread/INFO]: [CHAT] sebasgames001 has joined (9/12)!
[19:41:04] [Client thread/INFO]: [CHAT] jjurc has joined (10/12)!
[19:41:04] [Client thread/INFO]: [CHAT] The game starts in 12 seconds!
[19:41:04] [Client thread/INFO]: [CHAT] Mrfish221 has joined (11/12)!
[19:41:04] [Client thread/INFO]: [CHAT] hawk4561 has joined (12/12)!
[19:41:06] [Client thread/INFO]: [CHAT] The game starts in 10 seconds!
[19:41:11] [Client thread/INFO]: [CHAT] The game starts in 5 seconds!
[19:41:11] [Client thread/INFO]: [CHAT] jjurc has quit!
[19:41:12] [Client thread/INFO]: [CHAT] The game starts in 4 seconds!
[19:41:12] [Client thread/INFO]: [CHAT] NoRemains has joined (12/12)!
[19:41:13] [Client thread/INFO]: [CHAT] The game starts in 3 seconds!
[19:41:14] [Client thread/INFO]: [CHAT] The game starts in 2 seconds!
[19:41:15] [Client thread/INFO]: [CHAT] The game starts in 1 second!
[19:41:16] [Client thread/INFO]: [CHAT] ????????????????????????????????????????????????????????????????
[19:41:16] [Client thread/INFO]: [CHAT]                                   SkyWars
[19:41:16] [Client thread/INFO]: [CHAT] 
[19:41:16] [Client thread/INFO]: [CHAT]     Gather resources and equipment on your island
[19:41:16] [Client thread/INFO]: [CHAT]           in order to eliminate every other player
[19:41:16] [Client thread/INFO]: [CHAT]         Go to the center island for special chests
[19:41:16] [Client thread/INFO]: [CHAT]                            with special items!
[19:41:16] [Client thread/INFO]: [CHAT] 
[19:41:16] [Client thread/INFO]: [CHAT] ????????????????????????????????????????????????????????????????
[19:41:16] [Client thread/INFO]: [CHAT] Teaming is not allowed on Solo mode!
[19:41:16] [Client thread/INFO]: [CHAT] 
§a? §bGoodLionClient §eand §b3 others §eactivated §c+2.3X coins for this game! Gain XP and coins by » CLICKING HERE! «
[19:41:16] [Client thread/INFO]: [CHAT] Buy Network Boosters at https://store.hypixel.net
[19:41:16] [Client thread/INFO]: [CHAT]  
[19:41:16] [Client thread/INFO]: [CHAT] Cages opened! FIGHT!
[19:41:21] [Client thread/ERROR]: Item entity 448 has no item?!
[19:41:32] [Client thread/INFO]: [CHAT] BigBicepHuw was killed by Mrfish221.
[19:41:43] [Client thread/INFO]: [CHAT] xX5StarNinjaXx was killed by sebasgames001.
[19:41:43] [Client thread/ERROR]: Item entity 562 has no item?!
[19:41:43] [Client thread/ERROR]: Item entity 562 has no item?!
[19:41:43] [Client thread/ERROR]: Item entity 580 has no item?!
[19:41:43] [Client thread/ERROR]: Item entity 580 has no item?!
[19:41:43] [Client thread/ERROR]: Item entity 580 has no item?!
[19:41:43] [Client thread/ERROR]: Item entity 580 has no item?!
[19:41:43] [Client thread/ERROR]: Item entity 580 has no item?!
[19:41:43] [Client thread/ERROR]: Item entity 580 has no item?!
[19:41:43] [Client thread/ERROR]: Item entity 580 has no item?!
[19:41:47] [Client thread/INFO]: [CHAT] Mrfish221 was thrown into the void by ArtemisHQ202.
[19:41:50] [Client thread/INFO]: [CHAT] sebasgames001 was killed by TheWetard.
[19:41:51] [Netty Client IO #5/INFO]: [CHAT] §7[§bMystra§7] §fDisabled Speed (Lagback Checks)
[19:41:51] [Client thread/INFO]: [CHAT] +43 coins! (GoodLionClient's Network Booster)  Kill
[19:41:51] [Client thread/INFO]: [CHAT] +1 Soul
[19:41:51] [Client thread/INFO]: [CHAT] +1 SkyWars Experience (Kill)
[19:41:51] [Client thread/INFO]: [CHAT] taphf was thrown into the void by Skiddypenguin05.
[19:41:52] [Client thread/INFO]: [CHAT] §7[1?] §7Skiddypenguin05§7: buy mystra client at mystra client dot store
[19:41:53] [Client thread/INFO]: [CHAT] ArtemisHQ202 fell into the void.
[19:41:56] [Client thread/INFO]: [CHAT] You died! Want to play again? Click here! 
[19:41:56] [Client thread/INFO]: [CHAT] Skiddypenguin05 took the L to taphf.
[19:41:57] [Client thread/INFO]: [CHAT] §7[§bMystra§7] §fSending to New Game
[19:41:57] [Client thread/INFO]: [CHAT] Sending you to mini428P!
[19:41:59] [Client thread/INFO]: [CHAT]                                      
[19:41:59] [Client thread/INFO]: [CHAT]        
[19:41:59] [Client thread/INFO]: [CHAT] The game starts in 12 seconds!
[19:41:59] [Client thread/INFO]: [CHAT] key_dolphin has joined (4/12)!
[19:41:59] [Client thread/INFO]: [CHAT] Kelvynjose has joined (5/12)!
[19:41:59] [Client thread/INFO]: [CHAT] Skiddypenguin05 has joined (6/12)!
[19:41:59] [Client thread/INFO]: [CHAT] Squareari has joined (7/12)!
[19:41:59] [Client thread/INFO]: [CHAT] Epic1Online has joined (8/12)!
[19:41:59] [Client thread/INFO]: [CHAT] Hj4lle has joined (9/12)!
[19:41:59] [Client thread/INFO]: [CHAT] Pim98 has joined (10/12)!
[19:41:59] [Client thread/INFO]: [CHAT] xo2 has joined (11/12)!
[19:41:59] [Client thread/INFO]: [CHAT] wadi3_ has joined (12/12)!
[19:41:59] [Client thread/INFO]: [CHAT] §7[§bMystra§7] §fSending to New Game
[19:41:59] [Client thread/INFO]: [CHAT] Please don't spam the command!
[19:42:00] [Client thread/INFO]: [CHAT] The game starts in 10 seconds!
[19:42:05] [Client thread/INFO]: [CHAT] The game starts in 5 seconds!
[19:42:06] [Client thread/INFO]: [CHAT] The game starts in 4 seconds!
[19:42:07] [Client thread/INFO]: [CHAT] The game starts in 3 seconds!
[19:42:08] [Client thread/INFO]: [CHAT] The game starts in 2 seconds!
[19:42:09] [Client thread/INFO]: [CHAT] The game starts in 1 second!
[19:42:10] [Client thread/INFO]: [CHAT] ????????????????????????????????????????????????????????????????
[19:42:10] [Client thread/INFO]: [CHAT]                                   SkyWars
[19:42:10] [Client thread/INFO]: [CHAT] 
[19:42:10] [Client thread/INFO]: [CHAT]     Gather resources and equipment on your island
[19:42:10] [Client thread/INFO]: [CHAT]           in order to eliminate every other player
[19:42:10] [Client thread/INFO]: [CHAT]         Go to the center island for special chests
[19:42:10] [Client thread/INFO]: [CHAT]                            with special items!
[19:42:10] [Client thread/INFO]: [CHAT] 
[19:42:10] [Client thread/INFO]: [CHAT] ????????????????????????????????????????????????????????????????
[19:42:10] [Client thread/INFO]: [CHAT] Teaming is not allowed on Solo mode!
[19:42:10] [Client thread/INFO]: [CHAT] 
§a? §bGoodLionClient §eand §b3 others §eactivated §c+2.3X coins for this game! Gain XP and coins by » CLICKING HERE! «
[19:42:10] [Client thread/INFO]: [CHAT] Buy Network Boosters at https://store.hypixel.net
[19:42:10] [Client thread/INFO]: [CHAT]  
[19:42:10] [Client thread/INFO]: [CHAT] Cages opened! FIGHT!
[19:42:11] [Client thread/INFO]: [CHAT] Hj4lle died.
[19:42:16] [Client thread/INFO]: [CHAT] Squareari fell into the void.
[19:42:21] [Client thread/ERROR]: Item entity 642 has no item?!
[19:42:21] [Client thread/INFO]: [CHAT] xo2 was given the cold shoulder by Kelvynjose.
[19:42:22] [Client thread/INFO]: [CHAT] Epic1Online got rekt by wadi3_.
[19:42:22] [Client thread/INFO]: [CHAT] Jagula was killed by key_dolphin.
[19:42:23] [Client thread/INFO]: [CHAT] §b[15?] §b[MVP§9+§b] Kelvynjose§f: bad
[19:42:26] [Client thread/INFO]: [CHAT] §b[15?] §b[MVP§9+§b] Kelvynjose§f: lolololol
[19:42:26] [Client thread/INFO]: [CHAT] You died! Want to play again? Click here! 
[19:42:26] [Client thread/WARN]: Unable to play unknown soundEvent: minecraft:
[19:42:26] [Client thread/INFO]: [CHAT] Skiddypenguin05 be sent to Davy Jones' locker by Pim98.
[19:42:27] [Client thread/INFO]: [CHAT] §b[15?] §b[MVP§9+§b] Kelvynjose§f: jajajaja
[19:42:28] [Client thread/INFO]: [CHAT] §7[§bMystra§7] §fSending to New Game
[19:42:28] [Client thread/INFO]: [CHAT] Sending you to mini25Q!
[19:42:29] [Client thread/INFO]: [CHAT] §7[§bMystra§7] §fSending to New Game
[19:42:29] [Client thread/INFO]: [CHAT] Please don't spam the command!
[19:42:30] [Client thread/INFO]: [CHAT]                                      
[19:42:30] [Client thread/INFO]: [CHAT]        
[19:42:30] [Client thread/INFO]: [CHAT] MarkoMinatoR has joined (5/12)!
[19:42:30] [Client thread/INFO]: [CHAT] Medal1Q has joined (6/12)!
[19:42:30] [Client thread/INFO]: [CHAT] Skiddypenguin05 has joined (7/12)!
[19:42:30] [Client thread/INFO]: [CHAT] primediper64 has joined (8/12)!
[19:42:30] [Client thread/INFO]: [CHAT] Blazemybro has joined (9/12)!
[19:42:30] [Client thread/INFO]: [CHAT] fixdir has joined (10/12)!
[19:42:30] [Client thread/INFO]: [CHAT] lemonju has joined (11/12)!
[19:42:30] [Client thread/INFO]: [CHAT] The game starts in 12 seconds!
[19:42:30] [Client thread/INFO]: [CHAT] 6961 has joined (12/12)!
[19:42:31] [Client thread/INFO]: [CHAT] §7[§bMystra§7] §fSending to New Game
[19:42:31] [Client thread/INFO]: [CHAT] Please don't spam the command!
[19:42:32] [Client thread/INFO]: [CHAT] The game starts in 10 seconds!
[19:42:37] [Client thread/INFO]: [CHAT] The game starts in 5 seconds!
[19:42:38] [Client thread/INFO]: [CHAT] The game starts in 4 seconds!
[19:42:39] [Client thread/INFO]: [CHAT] The game starts in 3 seconds!
[19:42:40] [Client thread/INFO]: [CHAT] The game starts in 2 seconds!
[19:42:41] [Client thread/INFO]: [CHAT] The game starts in 1 second!
[19:42:43] [Client thread/INFO]: [CHAT] ????????????????????????????????????????????????????????????????
[19:42:43] [Client thread/INFO]: [CHAT]                                   SkyWars
[19:42:43] [Client thread/INFO]: [CHAT] 
[19:42:43] [Client thread/INFO]: [CHAT]     Gather resources and equipment on your island
[19:42:43] [Client thread/INFO]: [CHAT]           in order to eliminate every other player
[19:42:43] [Client thread/INFO]: [CHAT]         Go to the center island for special chests
[19:42:43] [Client thread/INFO]: [CHAT]                            with special items!
[19:42:43] [Client thread/INFO]: [CHAT] 
[19:42:43] [Client thread/INFO]: [CHAT] ????????????????????????????????????????????????????????????????
[19:42:43] [Client thread/INFO]: [CHAT] Teaming is not allowed on Solo mode!
[19:42:43] [Client thread/INFO]: [CHAT] 
§a? §bGoodLionClient §eand §b3 others §eactivated §c+2.3X coins for this game! Gain XP and coins by » CLICKING HERE! «
[19:42:43] [Client thread/INFO]: [CHAT] Buy Network Boosters at https://store.hypixel.net
[19:42:43] [Client thread/INFO]: [CHAT]  
[19:42:43] [Client thread/INFO]: [CHAT] Cages opened! FIGHT!
[19:43:06] [Client thread/INFO]: [CHAT] 6961 was killed by Blazemybro.
[19:43:09] [Client thread/INFO]: [CHAT] MarkoMinatoR was killed by lemonju.
[19:43:09] [Client thread/INFO]: [CHAT] §7MarkoMinatoR §cfailed the §eUHC§c, §eNo Chest§c, §eArcher§c, §eNo Block§c, §eRookie§c and §eHalf Health Challenges§c! R.I.P.
[19:43:16] [Client thread/INFO]: [CHAT] GoodSmess was thrown into the void by fixdir.
[19:43:27] [Client thread/ERROR]: Item entity 905 has no item?!
[19:43:27] [Client thread/ERROR]: Item entity 905 has no item?!
[19:43:27] [Client thread/ERROR]: Item entity 905 has no item?!
[19:43:27] [Client thread/ERROR]: Item entity 905 has no item?!
[19:43:27] [Client thread/ERROR]: Item entity 905 has no item?!
[19:43:27] [Client thread/ERROR]: Item entity 905 has no item?!
[19:43:27] [Client thread/ERROR]: Item entity 905 has no item?!
[19:43:27] [Client thread/INFO]: [CHAT] Knoucles101_ was killed by Medal1Q.
[19:43:28] [Client thread/INFO]: [CHAT] lemonju was thrown into the void by Knoucles101_.
[19:43:32] [Client thread/INFO]: [CHAT] primediper64 was killed by Medal1Q.
[19:43:33] [Client thread/INFO]: [CHAT] §f[8?] §a[VIP§6+§a] fixdir§f: go
[19:43:34] [Client thread/INFO]: [CHAT] §f[8?] §a[VIP§6+§a] fixdir§f: way
[19:43:34] [Client thread/ERROR]: Item entity 983 has no item?!
[19:43:34] [Client thread/ERROR]: Item entity 983 has no item?!
[19:43:34] [Client thread/ERROR]: Item entity 983 has no item?!
[19:43:34] [Client thread/ERROR]: Item entity 983 has no item?!
[19:43:34] [Client thread/ERROR]: Item entity 983 has no item?!
[19:43:34] [Client thread/INFO]: [CHAT] +43 coins! (GoodLionClient's Network Booster)  Kill
[19:43:34] [Client thread/INFO]: [CHAT] +1 Soul
[19:43:34] [Client thread/INFO]: [CHAT] +1 SkyWars Experience (Kill)
[19:43:34] [Client thread/INFO]: [CHAT] Medal1Q was killed by Skiddypenguin05.
[19:43:34] [Client thread/INFO]: [CHAT] §7[1?] §7Skiddypenguin05§7: so bad lmao better buy mystra at mystraclient dot store
[19:43:36] [Client thread/INFO]: [CHAT] §f[8?] §a[VIP§6+§a] fixdir§f: no
[19:43:37] [Client thread/INFO]: [CHAT] Blazemybro was killed by Cashewletta.
[19:43:51] [Client thread/INFO]: [CHAT] §f[8?] §a[VIP§6+§a] fixdir§f: OH NO HES A HACKER 100%
[19:43:56] [Client thread/INFO]: [CHAT] +43 coins! (GoodLionClient's Network Booster)  Kill
[19:43:56] [Client thread/INFO]: [CHAT] +1 Soul
[19:43:56] [Client thread/INFO]: [CHAT] +1 SkyWars Experience (Kill)
[19:43:56] [Client thread/INFO]: [CHAT] TapWater02 was killed by Skiddypenguin05.
[19:43:56] [Client thread/INFO]: [CHAT] -----------------------------------------
[19:43:56] [Client thread/INFO]: [CHAT] You cannot say the same message twice!
[19:43:56] [Client thread/INFO]: [CHAT] -----------------------------------------
[19:44:29] [Client thread/INFO]: [CHAT] §f[8?] §a[VIP§6+§a] fixdir§f: beruh
[19:44:30] [Client thread/INFO]: [CHAT] +43 coins! (GoodLionClient's Network Booster)  Kill
[19:44:30] [Client thread/INFO]: [CHAT] +1 Soul
[19:44:30] [Client thread/INFO]: [CHAT] +1 SkyWars Experience (Kill)
[19:44:30] [Client thread/INFO]: [CHAT] fixdir was thrown into the void by Skiddypenguin05.
[19:44:30] [Client thread/INFO]: [CHAT] §7[1?] §7Skiddypenguin05§7: buy mystra client at mystra client dot store
[19:44:48] [Client thread/INFO]: [CHAT] +43 coins! (GoodLionClient's Network Booster)  Kill
[19:44:48] [Client thread/INFO]: [CHAT] +1 Soul
[19:44:48] [Client thread/INFO]: [CHAT] +1 SkyWars Experience (Kill)
[19:44:48] [Client thread/INFO]: [CHAT] +322 coins! (GoodLionClient's Network Booster)  Win
[19:44:48] [Client thread/INFO]: [CHAT] +10 SkyWars Experience (Win)
[19:44:48] [Client thread/INFO]: [CHAT] 
§a? §eYour game was boosted by §c+2.3X coins §eNetwork Booster by §bGoodLionClient §eand §b3 others§e! Gain XP and coins by » CLICKING HERE! «
[19:44:48] [Client thread/INFO]: [CHAT] Buy Network Boosters at https://store.hypixel.net
[19:44:48] [Client thread/INFO]: [CHAT]  
[19:44:48] [Client thread/INFO]: [CHAT] Cashewletta was thrown into the void by Skiddypenguin05.
[19:44:48] [Client thread/INFO]: [CHAT] ????????????????????????????????????????????????????????????????
[19:44:48] [Client thread/INFO]: [CHAT]                                   SkyWars
[19:44:48] [Client thread/INFO]: [CHAT] 
[19:44:48] [Client thread/INFO]: [CHAT]                          Winner - Skiddypenguin05
[19:44:48] [Client thread/INFO]: [CHAT] 
[19:44:48] [Client thread/INFO]: [CHAT]                    1st Killer - Skiddypenguin05 - 4
[19:44:48] [Client thread/INFO]: [CHAT]                         2nd Killer - Medal1Q - 2
[19:44:48] [Client thread/INFO]: [CHAT]                       3rd Killer - Blazemybro - 1
[19:44:48] [Client thread/INFO]: [CHAT] 
[19:44:48] [Client thread/INFO]: [CHAT] ????????????????????????????????????????????????????????????????
[19:44:48] [Client thread/INFO]: [CHAT] You won! Want to play again? Click here! 
[19:44:48] [Client thread/INFO]: [CHAT] §7[2?] §7Skiddypenguin05§7: mystra client dot store for cheap client :D
[19:44:48] [Client thread/INFO]: [CHAT] §f[8?] §a[VIP§6+§a] fixdir§f: gg
[19:44:48] [Client thread/INFO]: [CHAT] §f[7?] §a[VIP] Cashewletta§f: gg
[19:44:49] [Client thread/INFO]: [CHAT] 
§aFeeding the Void Challenge Completed!
 §8+§33,360§7 §7Hypixel Experience

§7You can complete §e§e8 §7more challenges today.

[19:44:55] [Client thread/INFO]: Connecting to tree.ac, 25565
[19:44:56] [Client thread/INFO]: [CHAT] §0§0§1§2§3§4§5§6§7§e§f
[19:44:56] [Client thread/INFO]: [CHAT] Hello, and welcome to the tree.ac Test Server!
[19:44:56] [Client thread/INFO]: [CHAT] You can use /spawn and /w <warp> to get Around!
[19:44:56] [Client thread/INFO]: [CHAT] To get a list of all Warps use the /ws Command!
[19:44:56] [Client thread/INFO]: [CHAT] You could also use the new Warp GUI /warp!
[19:44:56] [Client thread/INFO]: [CHAT] If you want to change your Anticheat do /ac [ac]!
[19:44:56] [Client thread/INFO]: [CHAT] You can select multiple Anticheats at once with
[19:44:56] [Client thread/INFO]: [CHAT] for Example: /ac +<ac> /ac -<ac> /ac <ac> +<ac>
[19:44:56] [Client thread/INFO]: [CHAT] Do /help to see the usage of all Commands!
[19:44:56] [Client thread/INFO]: [CHAT] Switch between Server with /main and /other!
[19:44:56] [Client thread/INFO]: [CHAT] To find out what you can do here, do /<tab-complete>!
[19:44:56] [Client thread/INFO]: [CHAT] If you want access to more Features, do /advcd!
[19:44:56] [Client thread/INFO]: [CHAT] [+] Skiddypenguin05
[19:44:56] [Client thread/FATAL]: Error executing task
java.util.concurrent.ExecutionException: java.lang.NullPointerException
	at java.util.concurrent.FutureTask.report(Unknown Source) ~[?:1.8.0_251]
	at java.util.concurrent.FutureTask.get(Unknown Source) ~[?:1.8.0_251]
	at net.minecraft.util.Util.func_181617_a(Util.java:20) [bin/:?]
	at net.minecraft.client.Minecraft.runGameLoop(Minecraft.java:1112) [bin/:?]
	at net.minecraft.client.Minecraft.run(Minecraft.java:428) [bin/:?]
	at net.minecraft.client.main.Main.main(Main.java:113) [bin/:?]
	at Start.main(Start.java:11) [bin/:?]
Caused by: java.lang.NullPointerException
	at net.minecraft.scoreboard.Scoreboard.removeTeam(Scoreboard.java:296) ~[bin/:?]
	at net.minecraft.client.network.NetHandlerPlayClient.handleTeams(NetHandlerPlayClient.java:2042) ~[bin/:?]
	at net.minecraft.network.play.server.S3EPacketTeams.processPacket(S3EPacketTeams.java:140) ~[bin/:?]
	at net.minecraft.network.play.server.S3EPacketTeams.processPacket(S3EPacketTeams.java:1) ~[bin/:?]
	at net.minecraft.network.PacketThreadUtil$1.run(PacketThreadUtil.java:15) ~[bin/:?]
	at java.util.concurrent.Executors$RunnableAdapter.call(Unknown Source) ~[?:1.8.0_251]
	at java.util.concurrent.FutureTask.run(Unknown Source) ~[?:1.8.0_251]
	at net.minecraft.util.Util.func_181617_a(Util.java:19) ~[bin/:?]
	... 4 more
[19:44:56] [Client thread/FATAL]: Error executing task
java.util.concurrent.ExecutionException: java.lang.NullPointerException
	at java.util.concurrent.FutureTask.report(Unknown Source) ~[?:1.8.0_251]
	at java.util.concurrent.FutureTask.get(Unknown Source) ~[?:1.8.0_251]
	at net.minecraft.util.Util.func_181617_a(Util.java:20) [bin/:?]
	at net.minecraft.client.Minecraft.runGameLoop(Minecraft.java:1112) [bin/:?]
	at net.minecraft.client.Minecraft.run(Minecraft.java:428) [bin/:?]
	at net.minecraft.client.main.Main.main(Main.java:113) [bin/:?]
	at Start.main(Start.java:11) [bin/:?]
Caused by: java.lang.NullPointerException
	at net.minecraft.scoreboard.Scoreboard.removeTeam(Scoreboard.java:296) ~[bin/:?]
	at net.minecraft.client.network.NetHandlerPlayClient.handleTeams(NetHandlerPlayClient.java:2042) ~[bin/:?]
	at net.minecraft.network.play.server.S3EPacketTeams.processPacket(S3EPacketTeams.java:140) ~[bin/:?]
	at net.minecraft.network.play.server.S3EPacketTeams.processPacket(S3EPacketTeams.java:1) ~[bin/:?]
	at net.minecraft.network.PacketThreadUtil$1.run(PacketThreadUtil.java:15) ~[bin/:?]
	at java.util.concurrent.Executors$RunnableAdapter.call(Unknown Source) ~[?:1.8.0_251]
	at java.util.concurrent.FutureTask.run(Unknown Source) ~[?:1.8.0_251]
	at net.minecraft.util.Util.func_181617_a(Util.java:19) ~[bin/:?]
	... 4 more
[19:44:56] [Client thread/FATAL]: Error executing task
java.util.concurrent.ExecutionException: java.lang.NullPointerException
	at java.util.concurrent.FutureTask.report(Unknown Source) ~[?:1.8.0_251]
	at java.util.concurrent.FutureTask.get(Unknown Source) ~[?:1.8.0_251]
	at net.minecraft.util.Util.func_181617_a(Util.java:20) [bin/:?]
	at net.minecraft.client.Minecraft.runGameLoop(Minecraft.java:1112) [bin/:?]
	at net.minecraft.client.Minecraft.run(Minecraft.java:428) [bin/:?]
	at net.minecraft.client.main.Main.main(Main.java:113) [bin/:?]
	at Start.main(Start.java:11) [bin/:?]
Caused by: java.lang.NullPointerException
	at net.minecraft.scoreboard.Scoreboard.removeTeam(Scoreboard.java:296) ~[bin/:?]
	at net.minecraft.client.network.NetHandlerPlayClient.handleTeams(NetHandlerPlayClient.java:2042) ~[bin/:?]
	at net.minecraft.network.play.server.S3EPacketTeams.processPacket(S3EPacketTeams.java:140) ~[bin/:?]
	at net.minecraft.network.play.server.S3EPacketTeams.processPacket(S3EPacketTeams.java:1) ~[bin/:?]
	at net.minecraft.network.PacketThreadUtil$1.run(PacketThreadUtil.java:15) ~[bin/:?]
	at java.util.concurrent.Executors$RunnableAdapter.call(Unknown Source) ~[?:1.8.0_251]
	at java.util.concurrent.FutureTask.run(Unknown Source) ~[?:1.8.0_251]
	at net.minecraft.util.Util.func_181617_a(Util.java:19) ~[bin/:?]
	... 4 more
[19:44:56] [Client thread/FATAL]: Error executing task
java.util.concurrent.ExecutionException: java.lang.NullPointerException
	at java.util.concurrent.FutureTask.report(Unknown Source) ~[?:1.8.0_251]
	at java.util.concurrent.FutureTask.get(Unknown Source) ~[?:1.8.0_251]
	at net.minecraft.util.Util.func_181617_a(Util.java:20) [bin/:?]
	at net.minecraft.client.Minecraft.runGameLoop(Minecraft.java:1112) [bin/:?]
	at net.minecraft.client.Minecraft.run(Minecraft.java:428) [bin/:?]
	at net.minecraft.client.main.Main.main(Main.java:113) [bin/:?]
	at Start.main(Start.java:11) [bin/:?]
Caused by: java.lang.NullPointerException
	at net.minecraft.scoreboard.Scoreboard.removeTeam(Scoreboard.java:296) ~[bin/:?]
	at net.minecraft.client.network.NetHandlerPlayClient.handleTeams(NetHandlerPlayClient.java:2042) ~[bin/:?]
	at net.minecraft.network.play.server.S3EPacketTeams.processPacket(S3EPacketTeams.java:140) ~[bin/:?]
	at net.minecraft.network.play.server.S3EPacketTeams.processPacket(S3EPacketTeams.java:1) ~[bin/:?]
	at net.minecraft.network.PacketThreadUtil$1.run(PacketThreadUtil.java:15) ~[bin/:?]
	at java.util.concurrent.Executors$RunnableAdapter.call(Unknown Source) ~[?:1.8.0_251]
	at java.util.concurrent.FutureTask.run(Unknown Source) ~[?:1.8.0_251]
	at net.minecraft.util.Util.func_181617_a(Util.java:19) ~[bin/:?]
	... 4 more
[19:44:56] [Client thread/FATAL]: Error executing task
java.util.concurrent.ExecutionException: java.lang.NullPointerException
	at java.util.concurrent.FutureTask.report(Unknown Source) ~[?:1.8.0_251]
	at java.util.concurrent.FutureTask.get(Unknown Source) ~[?:1.8.0_251]
	at net.minecraft.util.Util.func_181617_a(Util.java:20) [bin/:?]
	at net.minecraft.client.Minecraft.runGameLoop(Minecraft.java:1112) [bin/:?]
	at net.minecraft.client.Minecraft.run(Minecraft.java:428) [bin/:?]
	at net.minecraft.client.main.Main.main(Main.java:113) [bin/:?]
	at Start.main(Start.java:11) [bin/:?]
Caused by: java.lang.NullPointerException
	at net.minecraft.scoreboard.Scoreboard.removeTeam(Scoreboard.java:296) ~[bin/:?]
	at net.minecraft.client.network.NetHandlerPlayClient.handleTeams(NetHandlerPlayClient.java:2042) ~[bin/:?]
	at net.minecraft.network.play.server.S3EPacketTeams.processPacket(S3EPacketTeams.java:140) ~[bin/:?]
	at net.minecraft.network.play.server.S3EPacketTeams.processPacket(S3EPacketTeams.java:1) ~[bin/:?]
	at net.minecraft.network.PacketThreadUtil$1.run(PacketThreadUtil.java:15) ~[bin/:?]
	at java.util.concurrent.Executors$RunnableAdapter.call(Unknown Source) ~[?:1.8.0_251]
	at java.util.concurrent.FutureTask.run(Unknown Source) ~[?:1.8.0_251]
	at net.minecraft.util.Util.func_181617_a(Util.java:19) ~[bin/:?]
	... 4 more
[19:44:56] [Client thread/INFO]: [CHAT]  
[19:44:56] [Client thread/INFO]: [CHAT]  
[19:44:56] [Client thread/INFO]: [CHAT] [Captcha] You have to verify yourself!
[19:44:56] [Client thread/INFO]: [CHAT] [Captcha] Visit: http://tree.ac/recaptcha/index.php?qbxPpArrmbCYBPBCwhKytMEKAXdTRQThrggGJPcJAfktRYpgzDkzsLqZNpTyQEhF=cbd73ba6-e9f1-4412-9883-e74ce789a4a7 to verify you.
[19:44:56] [Client thread/INFO]: [CHAT]  
