[10:33:25] [Client thread/INFO]: Setting user: Player953
[10:33:25] [Client thread/INFO]: (Session ID is token:0:Player953)
[10:33:27] [Client thread/INFO]: [OptiFine] *** Reflector Forge ***
[10:33:27] [Client thread/INFO]: [OptiFine] (Reflector) Class not present: net.minecraftforge.client.model.Attributes
[10:33:27] [Client thread/INFO]: [OptiFine] (Reflector) Class not present: mods.betterfoliage.client.BetterFoliageClient
[10:33:27] [Client thread/INFO]: [OptiFine] (Reflector) Class not present: net.minecraftforge.fml.common.asm.transformers.BlamingTransformer
[10:33:27] [Client thread/INFO]: [OptiFine] (Reflector) Class not present: net.minecraftforge.event.world.ChunkWatchEvent$UnWatch
[10:33:27] [Client thread/INFO]: [OptiFine] (Reflector) Class not present: net.minecraftforge.fml.relauncher.CoreModManager
[10:33:27] [Client thread/INFO]: [OptiFine] (Reflector) Class not present: net.minecraftforge.common.DimensionManager
[10:33:27] [Client thread/INFO]: [OptiFine] (Reflector) Class not present: net.minecraftforge.client.event.GuiScreenEvent$DrawScreenEvent$Pre
[10:33:27] [Client thread/INFO]: [OptiFine] (Reflector) Class not present: net.minecraftforge.client.event.GuiScreenEvent$DrawScreenEvent$Post
[10:33:27] [Client thread/INFO]: [OptiFine] (Reflector) Class not present: net.minecraftforge.client.event.EntityViewRenderEvent$CameraSetup
[10:33:27] [Client thread/INFO]: [OptiFine] (Reflector) Class not present: net.minecraftforge.client.event.EntityViewRenderEvent$FogColors
[10:33:27] [Client thread/INFO]: [OptiFine] (Reflector) Class not present: net.minecraftforge.fml.common.eventhandler.Event
[10:33:27] [Client thread/INFO]: [OptiFine] (Reflector) Class not present: net.minecraftforge.fml.common.eventhandler.EventBus
[10:33:27] [Client thread/INFO]: [OptiFine] (Reflector) Class not present: net.minecraftforge.fml.common.eventhandler.Event$Result
[10:33:27] [Client thread/INFO]: [OptiFine] (Reflector) Class not present: net.minecraftforge.common.property.ExtendedBlockState
[10:33:27] [Client thread/INFO]: [OptiFine] (Reflector) Class not present: net.minecraftforge.fml.client.FMLClientHandler
[10:33:27] [Client thread/INFO]: [OptiFine] (Reflector) Class not present: net.minecraftforge.fml.common.FMLCommonHandler
[10:33:27] [Client thread/INFO]: [OptiFine] (Reflector) Method not present: net.minecraft.world.biome.BiomeGenBase.getWaterColorMultiplier
[10:33:27] [Client thread/INFO]: [OptiFine] (Reflector) Method not present: net.minecraft.block.Block.addDestroyEffects
[10:33:27] [Client thread/INFO]: [OptiFine] (Reflector) Method not present: net.minecraft.block.Block.addHitEffects
[10:33:27] [Client thread/INFO]: [OptiFine] (Reflector) Method not present: net.minecraft.block.Block.canCreatureSpawn
[10:33:27] [Client thread/INFO]: [OptiFine] (Reflector) Method not present: net.minecraft.block.Block.canRenderInLayer
[10:33:27] [Client thread/INFO]: [OptiFine] (Reflector) Method not present: net.minecraft.block.Block.doesSideBlockRendering
[10:33:27] [Client thread/INFO]: [OptiFine] (Reflector) Method not present: net.minecraft.block.Block.getBedDirection
[10:33:27] [Client thread/INFO]: [OptiFine] (Reflector) Method not present: net.minecraft.block.Block.getExtendedState
[10:33:27] [Client thread/INFO]: [OptiFine] (Reflector) Method not present: net.minecraft.block.Block.hasTileEntity
[10:33:27] [Client thread/INFO]: [OptiFine] (Reflector) Method not present: net.minecraft.block.Block.isAir
[10:33:27] [Client thread/INFO]: [OptiFine] (Reflector) Method not present: net.minecraft.block.Block.isBed
[10:33:27] [Client thread/INFO]: [OptiFine] (Reflector) Method not present: net.minecraft.block.Block.isBedFoot
[10:33:27] [Client thread/INFO]: [OptiFine] (Reflector) Method not present: net.minecraft.block.Block.isSideSolid
[10:33:27] [Client thread/INFO]: [OptiFine] (Reflector) Method not present: net.minecraft.entity.Entity.canRiderInteract
[10:33:27] [Client thread/INFO]: [OptiFine] (Reflector) Field not present: net.minecraft.entity.Entity.captureDrops
[10:33:27] [Client thread/INFO]: [OptiFine] (Reflector) Field not present: net.minecraft.entity.Entity.capturedDrops
[10:33:27] [Client thread/INFO]: [OptiFine] (Reflector) Method not present: net.minecraft.entity.Entity.shouldRenderInPass
[10:33:27] [Client thread/INFO]: [OptiFine] (Reflector) Method not present: net.minecraft.entity.Entity.shouldRiderSit
[10:33:27] [Client thread/INFO]: [OptiFine] (Reflector) Class not present: net.minecraftforge.event.ForgeEventFactory
[10:33:27] [Client thread/INFO]: [OptiFine] (Reflector) Class not present: net.minecraftforge.common.ForgeHooks
[10:33:27] [Client thread/INFO]: [OptiFine] (Reflector) Class not present: net.minecraftforge.client.ForgeHooksClient
[10:33:27] [Client thread/INFO]: [OptiFine] (Reflector) Method not present: net.minecraft.item.Item.getDurabilityForDisplay
[10:33:27] [Client thread/INFO]: [OptiFine] (Reflector) Method not present: net.minecraft.item.Item.getModel
[10:33:27] [Client thread/INFO]: [OptiFine] (Reflector) Method not present: net.minecraft.item.Item.onEntitySwing
[10:33:27] [Client thread/INFO]: [OptiFine] (Reflector) Method not present: net.minecraft.item.Item.shouldCauseReequipAnimation
[10:33:27] [Client thread/INFO]: [OptiFine] (Reflector) Method not present: net.minecraft.item.Item.showDurabilityBar
[10:33:27] [Client thread/INFO]: [OptiFine] (Reflector) Method not present: net.minecraft.item.ItemRecord.getRecordResource
[10:33:27] [Client thread/INFO]: [OptiFine] (Reflector) Class not present: net.minecraftforge.common.ForgeModContainer
[10:33:27] [Client thread/INFO]: [OptiFine] (Reflector) Method not present: net.minecraft.potion.PotionEffect.isCurativeItem
[10:33:27] [Client thread/INFO]: [OptiFine] (Reflector) Method not present: net.minecraft.tileentity.TileEntity.canRenderBreaking
[10:33:27] [Client thread/INFO]: [OptiFine] (Reflector) Method not present: net.minecraft.tileentity.TileEntity.getRenderBoundingBox
[10:33:27] [Client thread/INFO]: [OptiFine] (Reflector) Method not present: net.minecraft.tileentity.TileEntity.hasFastRenderer
[10:33:27] [Client thread/INFO]: [OptiFine] (Reflector) Method not present: net.minecraft.tileentity.TileEntity.shouldRenderInPass
[10:33:27] [Client thread/INFO]: [OptiFine] (Reflector) Method not present: net.minecraft.client.renderer.tileentity.TileEntityRendererDispatcher.preDrawBatch
[10:33:27] [Client thread/INFO]: [OptiFine] (Reflector) Method not present: net.minecraft.client.renderer.tileentity.TileEntityRendererDispatcher.drawBatch
[10:33:27] [Client thread/INFO]: [OptiFine] (Reflector) Method not present: net.minecraft.client.renderer.vertex.VertexFormatElement$EnumUsage.preDraw
[10:33:27] [Client thread/INFO]: [OptiFine] (Reflector) Method not present: net.minecraft.client.renderer.vertex.VertexFormatElement$EnumUsage.postDraw
[10:33:27] [Client thread/INFO]: [OptiFine] (Reflector) Method not present: net.minecraft.world.World.countEntities
[10:33:27] [Client thread/INFO]: [OptiFine] (Reflector) Method not present: net.minecraft.world.World.getPerWorldStorage
[10:33:27] [Client thread/INFO]: [OptiFine] (Reflector) Method not present: net.minecraft.world.WorldProvider.getCloudRenderer
[10:33:27] [Client thread/INFO]: [OptiFine] (Reflector) Method not present: net.minecraft.world.WorldProvider.getSkyRenderer
[10:33:27] [Client thread/INFO]: [OptiFine] (Reflector) Method not present: net.minecraft.world.WorldProvider.getWeatherRenderer
[10:33:27] [Client thread/INFO]: [OptiFine] (Reflector) Class not present: net.minecraftforge.fml.client.GuiModList
[10:33:27] [Client thread/INFO]: [OptiFine] (Reflector) Class not present: net.minecraftforge.client.model.IColoredBakedQuad
[10:33:27] [Client thread/INFO]: [OptiFine] (Reflector) Class not present: net.minecraftforge.common.property.IExtendedBlockState
[10:33:27] [Client thread/INFO]: [OptiFine] (Reflector) Class not present: net.minecraftforge.client.IRenderHandler
[10:33:27] [Client thread/INFO]: [OptiFine] (Reflector) Class not present: net.minecraftforge.client.model.ISmartBlockModel
[10:33:27] [Client thread/INFO]: [OptiFine] (Reflector) Class not present: net.minecraftforge.client.ItemModelMesherForge
[10:33:27] [Client thread/INFO]: [OptiFine] (Reflector) Class not present: net.minecraft.launchwrapper.Launch
[10:33:27] [Client thread/INFO]: [OptiFine] (Reflector) Class not present: net.minecraftforge.client.model.pipeline.LightUtil
[10:33:27] [Client thread/INFO]: [OptiFine] (Reflector) Class not present: net.minecraftforge.fml.common.Loader
[10:33:27] [Client thread/INFO]: [OptiFine] (Reflector) Class not present: net.minecraftforge.common.MinecraftForge
[10:33:27] [Client thread/INFO]: [OptiFine] (Reflector) Class not present: net.minecraftforge.client.MinecraftForgeClient
[10:33:27] [Client thread/INFO]: [OptiFine] (Reflector) Class not present: net.minecraftforge.fml.common.ModContainer
[10:33:27] [Client thread/INFO]: [OptiFine] (Reflector) Class not present: net.minecraftforge.client.model.ModelLoader
[10:33:27] [Client thread/INFO]: [OptiFine] (Reflector) Class not present: net.minecraftforge.client.event.RenderBlockOverlayEvent$OverlayType
[10:33:27] [Client thread/INFO]: [OptiFine] (Reflector) Class not present: net.minecraftforge.fml.client.registry.RenderingRegistry
[10:33:27] [Client thread/INFO]: [OptiFine] (Reflector) Class not present: net.minecraftforge.client.event.RenderItemInFrameEvent
[10:33:27] [Client thread/INFO]: [OptiFine] (Reflector) Class not present: net.minecraftforge.client.event.RenderLivingEvent$Pre
[10:33:27] [Client thread/INFO]: [OptiFine] (Reflector) Class not present: net.minecraftforge.client.event.RenderLivingEvent$Post
[10:33:27] [Client thread/INFO]: [OptiFine] (Reflector) Class not present: net.minecraftforge.client.event.RenderLivingEvent$Specials$Pre
[10:33:27] [Client thread/INFO]: [OptiFine] (Reflector) Class not present: net.minecraftforge.client.event.RenderLivingEvent$Specials$Post
[10:33:27] [Client thread/INFO]: [OptiFine] (Reflector) Class not present: net.minecraftforge.fml.client.SplashProgress
[10:33:27] [Client thread/INFO]: [OptiFine] (Reflector) Class not present: net.minecraftforge.event.world.WorldEvent$Load
[10:33:27] [Client thread/INFO]: [OptiFine] *** Reflector Vanilla ***
[10:33:27] [Client thread/INFO]: [OptiFine] (Reflector) Class not present: optifine.OptiFineClassTransformer
[10:33:27] [Client thread/INFO]: LWJGL Version: 2.9.4
[10:33:27] [Client thread/INFO]: [OptiFine] 
[10:33:27] [Client thread/INFO]: [OptiFine] OptiFine_1.8.8_HD_U_I7
[10:33:27] [Client thread/INFO]: [OptiFine] Build: null
[10:33:27] [Client thread/INFO]: [OptiFine] OS: Windows 10 (amd64) version 10.0
[10:33:27] [Client thread/INFO]: [OptiFine] Java: 1.8.0_251, Oracle Corporation
[10:33:27] [Client thread/INFO]: [OptiFine] VM: Java HotSpot(TM) 64-Bit Server VM (mixed mode), Oracle Corporation
[10:33:27] [Client thread/INFO]: [OptiFine] LWJGL: 2.9.4
[10:33:27] [Client thread/INFO]: [OptiFine] OpenGL: GeForce RTX 2080 SUPER/PCIe/SSE2, version 4.6.0 NVIDIA 432.00, NVIDIA Corporation
[10:33:27] [Client thread/INFO]: [OptiFine] OpenGL Version: 4.6.0
[10:33:27] [Client thread/INFO]: [OptiFine] Maximum texture size: 32768x32768
[10:33:27] [Thread-6/INFO]: [OptiFine] Checking for new version
[10:33:27] [Client thread/INFO]: [Shaders] ShadersMod version: 2.4.12
[10:33:27] [Client thread/INFO]: [Shaders] OpenGL Version: 4.6.0 NVIDIA 432.00
[10:33:27] [Client thread/INFO]: [Shaders] Vendor:  NVIDIA Corporation
[10:33:27] [Client thread/INFO]: [Shaders] Renderer: GeForce RTX 2080 SUPER/PCIe/SSE2
[10:33:27] [Client thread/INFO]: [Shaders] Capabilities:  2.0  2.1  3.0  3.2  4.0 
[10:33:27] [Client thread/INFO]: [Shaders] GL_MAX_DRAW_BUFFERS: 8
[10:33:27] [Client thread/INFO]: [Shaders] GL_MAX_COLOR_ATTACHMENTS_EXT: 8
[10:33:27] [Client thread/INFO]: [Shaders] GL_MAX_TEXTURE_IMAGE_UNITS: 32
[10:33:27] [Client thread/INFO]: [Shaders] Load ShadersMod configuration.
[10:33:27] [Client thread/INFO]: [Shaders] No shaderpack loaded.
[10:33:27] [Client thread/INFO]: Reloading ResourceManager: Default, §5Such§8PvP §8[§7256x§8].zip
[10:33:27] [Client thread/INFO]: [OptiFine] *** Reloading textures ***
[10:33:27] [Client thread/INFO]: [OptiFine] Resource packs: §5Such§8PvP §8[§7256x§8].zip
[10:33:28] [Thread-6/INFO]: [OptiFine] Version found: I7
[10:33:28] [Sound Library Loader/INFO]: Starting up SoundSystem...
[10:33:28] [Client thread/INFO]: [OptiFine] Loading mcpatcher/font/ascii.properties
[10:33:28] [Client thread/INFO]: [OptiFine] Loading mcpatcher/font/ascii_sga.properties
[10:33:28] [Thread-8/INFO]: Initializing LWJGL OpenAL
[10:33:28] [Thread-8/INFO]: (The LWJGL binding of OpenAL.  For more information, see http://www.lwjgl.org)
[10:33:28] [Thread-8/INFO]: OpenAL initialized.
[10:33:29] [Sound Library Loader/INFO]: Sound engine started
[10:33:29] [Client thread/INFO]: [OptiFine] Mipmap levels: 4
[10:33:29] [Client thread/INFO]: [OptiFine] Multitexture: false
[10:33:29] [Client thread/INFO]: [OptiFine] ConnectedTextures: mcpatcher/ctm/glass/glass.properties
[10:33:29] [Client thread/INFO]: [OptiFine] Multipass connected textures: false
[10:33:29] [Client thread/INFO]: [OptiFine] Multipass connected textures: false
[10:33:29] [Client thread/INFO]: Created: 4096x2048 textures-atlas
[10:33:30] [Client thread/INFO]: [OptiFine] *** Reloading custom textures ***
[10:33:30] [Client thread/INFO]: [OptiFine] CustomColors: Colormap mcpatcher/colormap/water.png
[10:33:30] [Client thread/INFO]: [OptiFine] CustomColors: Colormap mcpatcher/colormap/swampgrass.png
[10:33:30] [Client thread/INFO]: [OptiFine] CustomColors: Colormap mcpatcher/colormap/swampfoliage.png
[10:33:30] [Client thread/INFO]: [OptiFine] CustomColors: Colormap mcpatcher/colormap/sky0.png
[10:33:30] [Client thread/INFO]: [OptiFine] CustomColors: Colormap mcpatcher/lightmap/world-1.png
[10:33:30] [Client thread/INFO]: [OptiFine] CustomColors: Colormap mcpatcher/lightmap/world0.png
[10:33:30] [Client thread/INFO]: [OptiFine] CustomColors: Colormap mcpatcher/lightmap/world1.png
[10:33:30] [Client thread/INFO]: [OptiFine] CustomColors: Loading mcpatcher/color.properties
[10:33:30] [Client thread/INFO]: [OptiFine] CustomColors: drop.water = ffffff
[10:33:30] [Client thread/INFO]: [OptiFine] CustomColors: lilypad = 577119
[10:33:30] [Client thread/INFO]: [OptiFine] CustomColors: Potion colors: 20
[10:33:30] [Client thread/INFO]: [OptiFine] CustomSky properties: mcpatcher/sky/world0/sky1.properties
[10:33:30] [Client thread/INFO]: [OptiFine] CustomSky properties: mcpatcher/sky/world0/sky2.properties
[10:33:31] [Client thread/INFO]: [OptiFine] CustomSky properties: mcpatcher/sky/world0/sky3.properties
[10:33:31] [Client thread/INFO]: [OptiFine] Enable face culling: acacia_leaves, birch_leaves, dark_oak_leaves, jungle_leaves, oak_leaves, spruce_leaves
