[12:12:59] [Client thread/INFO]: Setting user: Player295
[12:12:59] [Client thread/INFO]: (Session ID is token:0:Player295)
[12:13:00] [Client thread/INFO]: [OptiFine] *** Reflector Forge ***
[12:13:00] [Client thread/INFO]: [OptiFine] (Reflector) Class not present: net.minecraftforge.client.model.Attributes
[12:13:00] [Client thread/INFO]: [OptiFine] (Reflector) Class not present: mods.betterfoliage.client.BetterFoliageClient
[12:13:00] [Client thread/INFO]: [OptiFine] (Reflector) Class not present: net.minecraftforge.fml.common.asm.transformers.BlamingTransformer
[12:13:00] [Client thread/INFO]: [OptiFine] (Reflector) Class not present: net.minecraftforge.event.world.ChunkWatchEvent$UnWatch
[12:13:00] [Client thread/INFO]: [OptiFine] (Reflector) Class not present: net.minecraftforge.fml.relauncher.CoreModManager
[12:13:00] [Client thread/INFO]: [OptiFine] (Reflector) Class not present: net.minecraftforge.common.DimensionManager
[12:13:00] [Client thread/INFO]: [OptiFine] (Reflector) Class not present: net.minecraftforge.client.event.GuiScreenEvent$DrawScreenEvent$Pre
[12:13:00] [Client thread/INFO]: [OptiFine] (Reflector) Class not present: net.minecraftforge.client.event.GuiScreenEvent$DrawScreenEvent$Post
[12:13:00] [Client thread/INFO]: [OptiFine] (Reflector) Class not present: net.minecraftforge.client.event.EntityViewRenderEvent$CameraSetup
[12:13:00] [Client thread/INFO]: [OptiFine] (Reflector) Class not present: net.minecraftforge.client.event.EntityViewRenderEvent$FogColors
[12:13:00] [Client thread/INFO]: [OptiFine] (Reflector) Class not present: net.minecraftforge.fml.common.eventhandler.Event
[12:13:00] [Client thread/INFO]: [OptiFine] (Reflector) Class not present: net.minecraftforge.fml.common.eventhandler.EventBus
[12:13:00] [Client thread/INFO]: [OptiFine] (Reflector) Class not present: net.minecraftforge.fml.common.eventhandler.Event$Result
[12:13:00] [Client thread/INFO]: [OptiFine] (Reflector) Class not present: net.minecraftforge.common.property.ExtendedBlockState
[12:13:00] [Client thread/INFO]: [OptiFine] (Reflector) Class not present: net.minecraftforge.fml.client.FMLClientHandler
[12:13:00] [Client thread/INFO]: [OptiFine] (Reflector) Class not present: net.minecraftforge.fml.common.FMLCommonHandler
[12:13:00] [Client thread/INFO]: [OptiFine] (Reflector) Method not present: net.minecraft.world.biome.BiomeGenBase.getWaterColorMultiplier
[12:13:00] [Client thread/INFO]: [OptiFine] (Reflector) Method not present: net.minecraft.block.Block.addDestroyEffects
[12:13:00] [Client thread/INFO]: [OptiFine] (Reflector) Method not present: net.minecraft.block.Block.addHitEffects
[12:13:00] [Client thread/INFO]: [OptiFine] (Reflector) Method not present: net.minecraft.block.Block.canCreatureSpawn
[12:13:00] [Client thread/INFO]: [OptiFine] (Reflector) Method not present: net.minecraft.block.Block.canRenderInLayer
[12:13:00] [Client thread/INFO]: [OptiFine] (Reflector) Method not present: net.minecraft.block.Block.doesSideBlockRendering
[12:13:00] [Client thread/INFO]: [OptiFine] (Reflector) Method not present: net.minecraft.block.Block.getBedDirection
[12:13:00] [Client thread/INFO]: [OptiFine] (Reflector) Method not present: net.minecraft.block.Block.getExtendedState
[12:13:00] [Client thread/INFO]: [OptiFine] (Reflector) Method not present: net.minecraft.block.Block.hasTileEntity
[12:13:00] [Client thread/INFO]: [OptiFine] (Reflector) Method not present: net.minecraft.block.Block.isAir
[12:13:00] [Client thread/INFO]: [OptiFine] (Reflector) Method not present: net.minecraft.block.Block.isBed
[12:13:00] [Client thread/INFO]: [OptiFine] (Reflector) Method not present: net.minecraft.block.Block.isBedFoot
[12:13:00] [Client thread/INFO]: [OptiFine] (Reflector) Method not present: net.minecraft.block.Block.isSideSolid
[12:13:00] [Client thread/INFO]: [OptiFine] (Reflector) Method not present: net.minecraft.entity.Entity.canRiderInteract
[12:13:00] [Client thread/INFO]: [OptiFine] (Reflector) Field not present: net.minecraft.entity.Entity.captureDrops
[12:13:00] [Client thread/INFO]: [OptiFine] (Reflector) Field not present: net.minecraft.entity.Entity.capturedDrops
[12:13:00] [Client thread/INFO]: [OptiFine] (Reflector) Method not present: net.minecraft.entity.Entity.shouldRenderInPass
[12:13:00] [Client thread/INFO]: [OptiFine] (Reflector) Method not present: net.minecraft.entity.Entity.shouldRiderSit
[12:13:00] [Client thread/INFO]: [OptiFine] (Reflector) Class not present: net.minecraftforge.event.ForgeEventFactory
[12:13:00] [Client thread/INFO]: [OptiFine] (Reflector) Class not present: net.minecraftforge.common.ForgeHooks
[12:13:00] [Client thread/INFO]: [OptiFine] (Reflector) Class not present: net.minecraftforge.client.ForgeHooksClient
[12:13:00] [Client thread/INFO]: [OptiFine] (Reflector) Method not present: net.minecraft.item.Item.getDurabilityForDisplay
[12:13:00] [Client thread/INFO]: [OptiFine] (Reflector) Method not present: net.minecraft.item.Item.getModel
[12:13:00] [Client thread/INFO]: [OptiFine] (Reflector) Method not present: net.minecraft.item.Item.onEntitySwing
[12:13:00] [Client thread/INFO]: [OptiFine] (Reflector) Method not present: net.minecraft.item.Item.shouldCauseReequipAnimation
[12:13:00] [Client thread/INFO]: [OptiFine] (Reflector) Method not present: net.minecraft.item.Item.showDurabilityBar
[12:13:00] [Client thread/INFO]: [OptiFine] (Reflector) Method not present: net.minecraft.item.ItemRecord.getRecordResource
[12:13:00] [Client thread/INFO]: [OptiFine] (Reflector) Class not present: net.minecraftforge.common.ForgeModContainer
[12:13:00] [Client thread/INFO]: [OptiFine] (Reflector) Method not present: net.minecraft.potion.PotionEffect.isCurativeItem
[12:13:00] [Client thread/INFO]: [OptiFine] (Reflector) Method not present: net.minecraft.tileentity.TileEntity.canRenderBreaking
[12:13:00] [Client thread/INFO]: [OptiFine] (Reflector) Method not present: net.minecraft.tileentity.TileEntity.getRenderBoundingBox
[12:13:00] [Client thread/INFO]: [OptiFine] (Reflector) Method not present: net.minecraft.tileentity.TileEntity.hasFastRenderer
[12:13:00] [Client thread/INFO]: [OptiFine] (Reflector) Method not present: net.minecraft.tileentity.TileEntity.shouldRenderInPass
[12:13:00] [Client thread/INFO]: [OptiFine] (Reflector) Method not present: net.minecraft.client.renderer.tileentity.TileEntityRendererDispatcher.preDrawBatch
[12:13:00] [Client thread/INFO]: [OptiFine] (Reflector) Method not present: net.minecraft.client.renderer.tileentity.TileEntityRendererDispatcher.drawBatch
[12:13:00] [Client thread/INFO]: [OptiFine] (Reflector) Method not present: net.minecraft.client.renderer.vertex.VertexFormatElement$EnumUsage.preDraw
[12:13:00] [Client thread/INFO]: [OptiFine] (Reflector) Method not present: net.minecraft.client.renderer.vertex.VertexFormatElement$EnumUsage.postDraw
[12:13:00] [Client thread/INFO]: [OptiFine] (Reflector) Method not present: net.minecraft.world.World.countEntities
[12:13:00] [Client thread/INFO]: [OptiFine] (Reflector) Method not present: net.minecraft.world.World.getPerWorldStorage
[12:13:00] [Client thread/INFO]: [OptiFine] (Reflector) Method not present: net.minecraft.world.WorldProvider.getCloudRenderer
[12:13:00] [Client thread/INFO]: [OptiFine] (Reflector) Method not present: net.minecraft.world.WorldProvider.getSkyRenderer
[12:13:00] [Client thread/INFO]: [OptiFine] (Reflector) Method not present: net.minecraft.world.WorldProvider.getWeatherRenderer
[12:13:00] [Client thread/INFO]: [OptiFine] (Reflector) Class not present: net.minecraftforge.fml.client.GuiModList
[12:13:00] [Client thread/INFO]: [OptiFine] (Reflector) Class not present: net.minecraftforge.client.model.IColoredBakedQuad
[12:13:00] [Client thread/INFO]: [OptiFine] (Reflector) Class not present: net.minecraftforge.common.property.IExtendedBlockState
[12:13:00] [Client thread/INFO]: [OptiFine] (Reflector) Class not present: net.minecraftforge.client.IRenderHandler
[12:13:00] [Client thread/INFO]: [OptiFine] (Reflector) Class not present: net.minecraftforge.client.model.ISmartBlockModel
[12:13:00] [Client thread/INFO]: [OptiFine] (Reflector) Class not present: net.minecraftforge.client.ItemModelMesherForge
[12:13:00] [Client thread/INFO]: [OptiFine] (Reflector) Class not present: net.minecraft.launchwrapper.Launch
[12:13:00] [Client thread/INFO]: [OptiFine] (Reflector) Class not present: net.minecraftforge.client.model.pipeline.LightUtil
[12:13:00] [Client thread/INFO]: [OptiFine] (Reflector) Class not present: net.minecraftforge.fml.common.Loader
[12:13:00] [Client thread/INFO]: [OptiFine] (Reflector) Class not present: net.minecraftforge.common.MinecraftForge
[12:13:00] [Client thread/INFO]: [OptiFine] (Reflector) Class not present: net.minecraftforge.client.MinecraftForgeClient
[12:13:00] [Client thread/INFO]: [OptiFine] (Reflector) Class not present: net.minecraftforge.fml.common.ModContainer
[12:13:00] [Client thread/INFO]: [OptiFine] (Reflector) Class not present: net.minecraftforge.client.model.ModelLoader
[12:13:00] [Client thread/INFO]: [OptiFine] (Reflector) Class not present: net.minecraftforge.client.event.RenderBlockOverlayEvent$OverlayType
[12:13:00] [Client thread/INFO]: [OptiFine] (Reflector) Class not present: net.minecraftforge.fml.client.registry.RenderingRegistry
[12:13:00] [Client thread/INFO]: [OptiFine] (Reflector) Class not present: net.minecraftforge.client.event.RenderItemInFrameEvent
[12:13:00] [Client thread/INFO]: [OptiFine] (Reflector) Class not present: net.minecraftforge.client.event.RenderLivingEvent$Pre
[12:13:00] [Client thread/INFO]: [OptiFine] (Reflector) Class not present: net.minecraftforge.client.event.RenderLivingEvent$Post
[12:13:00] [Client thread/INFO]: [OptiFine] (Reflector) Class not present: net.minecraftforge.client.event.RenderLivingEvent$Specials$Pre
[12:13:00] [Client thread/INFO]: [OptiFine] (Reflector) Class not present: net.minecraftforge.client.event.RenderLivingEvent$Specials$Post
[12:13:00] [Client thread/INFO]: [OptiFine] (Reflector) Class not present: net.minecraftforge.fml.client.SplashProgress
[12:13:00] [Client thread/INFO]: [OptiFine] (Reflector) Class not present: net.minecraftforge.event.world.WorldEvent$Load
[12:13:00] [Client thread/INFO]: [OptiFine] *** Reflector Vanilla ***
[12:13:00] [Client thread/INFO]: [OptiFine] (Reflector) Class not present: optifine.OptiFineClassTransformer
[12:13:00] [Client thread/INFO]: LWJGL Version: 2.9.4
[12:13:01] [Client thread/INFO]: [OptiFine] 
[12:13:01] [Client thread/INFO]: [OptiFine] OptiFine_1.8.8_HD_U_I7
[12:13:01] [Client thread/INFO]: [OptiFine] Build: null
[12:13:01] [Client thread/INFO]: [OptiFine] OS: Windows 10 (amd64) version 10.0
[12:13:01] [Client thread/INFO]: [OptiFine] Java: 1.8.0_251, Oracle Corporation
[12:13:01] [Client thread/INFO]: [OptiFine] VM: Java HotSpot(TM) 64-Bit Server VM (mixed mode), Oracle Corporation
[12:13:01] [Client thread/INFO]: [OptiFine] LWJGL: 2.9.4
[12:13:01] [Client thread/INFO]: [OptiFine] OpenGL: GeForce RTX 2080 SUPER/PCIe/SSE2, version 4.6.0 NVIDIA 457.30, NVIDIA Corporation
[12:13:01] [Client thread/INFO]: [OptiFine] OpenGL Version: 4.6.0
[12:13:01] [Client thread/INFO]: [OptiFine] Maximum texture size: 32768x32768
[12:13:01] [Thread-6/INFO]: [OptiFine] Checking for new version
[12:13:01] [Client thread/INFO]: [Shaders] ShadersMod version: 2.4.12
[12:13:01] [Client thread/INFO]: [Shaders] OpenGL Version: 4.6.0 NVIDIA 457.30
[12:13:01] [Client thread/INFO]: [Shaders] Vendor:  NVIDIA Corporation
[12:13:01] [Client thread/INFO]: [Shaders] Renderer: GeForce RTX 2080 SUPER/PCIe/SSE2
[12:13:01] [Client thread/INFO]: [Shaders] Capabilities:  2.0  2.1  3.0  3.2  4.0 
[12:13:01] [Client thread/INFO]: [Shaders] GL_MAX_DRAW_BUFFERS: 8
[12:13:01] [Client thread/INFO]: [Shaders] GL_MAX_COLOR_ATTACHMENTS_EXT: 8
[12:13:01] [Client thread/INFO]: [Shaders] GL_MAX_TEXTURE_IMAGE_UNITS: 32
[12:13:01] [Client thread/INFO]: [Shaders] Load ShadersMod configuration.
[12:13:01] [Client thread/INFO]: [Shaders] Shaders can not be loaded, Anisotropic Filtering is enabled: 16x
[12:13:01] [Client thread/INFO]: [Shaders] No shaderpack loaded.
[12:13:01] [Client thread/INFO]: Reloading ResourceManager: Default, §5Such§8PvP §8[§7256x§8].zip
[12:13:01] [Client thread/INFO]: [OptiFine] *** Reloading textures ***
[12:13:01] [Client thread/INFO]: [OptiFine] Resource packs: §5Such§8PvP §8[§7256x§8].zip
[12:13:01] [Sound Library Loader/INFO]: Starting up SoundSystem...
[12:13:01] [Thread-6/INFO]: [OptiFine] Version found: I7
[12:13:02] [Thread-7/INFO]: Initializing LWJGL OpenAL
[12:13:02] [Thread-7/INFO]: (The LWJGL binding of OpenAL.  For more information, see http://www.lwjgl.org)
[12:13:02] [Thread-7/INFO]: OpenAL initialized.
[12:13:02] [Client thread/INFO]: [OptiFine] Loading mcpatcher/font/ascii.properties
[12:13:02] [Client thread/INFO]: [OptiFine] Loading mcpatcher/font/ascii_sga.properties
[12:13:02] [Sound Library Loader/INFO]: Sound engine started
[12:13:03] [Client thread/INFO]: [OptiFine] Mipmap levels: 4
[12:13:03] [Client thread/INFO]: [OptiFine] Multitexture: true
[12:13:03] [Client thread/INFO]: [OptiFine] ConnectedTextures: mcpatcher/ctm/glass/glass.properties
[12:13:03] [Client thread/INFO]: [OptiFine] Multipass connected textures: false
[12:13:03] [Client thread/INFO]: [OptiFine] Multipass connected textures: false
[12:13:03] [Client thread/INFO]: Created: 4096x2048 textures-atlas
[12:13:06] [Client thread/INFO]: [OptiFine] *** Reloading custom textures ***
[12:13:06] [Client thread/INFO]: [OptiFine] CustomColors: Colormap mcpatcher/colormap/water.png
[12:13:06] [Client thread/INFO]: [OptiFine] CustomColors: Colormap mcpatcher/colormap/swampgrass.png
[12:13:06] [Client thread/INFO]: [OptiFine] CustomColors: Colormap mcpatcher/colormap/swampfoliage.png
[12:13:06] [Client thread/INFO]: [OptiFine] CustomColors: Colormap mcpatcher/colormap/sky0.png
[12:13:06] [Client thread/INFO]: [OptiFine] CustomColors: Colormap mcpatcher/lightmap/world-1.png
[12:13:06] [Client thread/INFO]: [OptiFine] CustomColors: Colormap mcpatcher/lightmap/world0.png
[12:13:06] [Client thread/INFO]: [OptiFine] CustomColors: Colormap mcpatcher/lightmap/world1.png
[12:13:06] [Client thread/INFO]: [OptiFine] CustomColors: Loading mcpatcher/color.properties
[12:13:06] [Client thread/INFO]: [OptiFine] CustomColors: drop.water = ffffff
[12:13:06] [Client thread/INFO]: [OptiFine] CustomColors: lilypad = 577119
[12:13:06] [Client thread/INFO]: [OptiFine] CustomColors: Potion colors: 20
[12:13:06] [Client thread/INFO]: [OptiFine] CustomSky properties: mcpatcher/sky/world0/sky1.properties
[12:13:06] [Client thread/INFO]: [OptiFine] CustomSky properties: mcpatcher/sky/world0/sky2.properties
[12:13:07] [Client thread/INFO]: [OptiFine] CustomSky properties: mcpatcher/sky/world0/sky3.properties
[12:13:07] [Client thread/INFO]: [OptiFine] Enable face culling: acacia_leaves, birch_leaves, dark_oak_leaves, jungle_leaves, oak_leaves, spruce_leaves
[12:15:41] [Client thread/ERROR]: Can't ping play.crystalpvp.org:25565: Disconnected
[12:15:41] [Client thread/ERROR]: Can't ping test.ccbluex.net: Disconnected
[12:15:41] [Client thread/ERROR]: Can't ping poke.sexy: Disconnected
[12:15:43] [Client thread/INFO]: Connecting to minecraft.crystalpvp.org., 25565
[12:15:45] [Client thread/INFO]: Stopping!
[12:15:45] [Client thread/INFO]: SoundSystem shutting down...
[12:15:45] [Client thread/WARN]: Author: Paul Lamb, www.paulscode.com
